Started GET "/movies" for ::1 at 2018-03-06 18:10:58 -0600
  
ActionController::RoutingError (No route matches [GET] "/movies"):
  
actionpack (5.1.5) lib/action_dispatch/middleware/debug_exceptions.rb:63:in `call'
web-console (3.5.1) lib/web_console/middleware.rb:135:in `call_app'
web-console (3.5.1) lib/web_console/middleware.rb:28:in `block in call'
web-console (3.5.1) lib/web_console/middleware.rb:18:in `catch'
web-console (3.5.1) lib/web_console/middleware.rb:18:in `call'
actionpack (5.1.5) lib/action_dispatch/middleware/show_exceptions.rb:31:in `call'
railties (5.1.5) lib/rails/rack/logger.rb:36:in `call_app'
railties (5.1.5) lib/rails/rack/logger.rb:24:in `block in call'
activesupport (5.1.5) lib/active_support/tagged_logging.rb:69:in `block in tagged'
activesupport (5.1.5) lib/active_support/tagged_logging.rb:26:in `tagged'
activesupport (5.1.5) lib/active_support/tagged_logging.rb:69:in `tagged'
railties (5.1.5) lib/rails/rack/logger.rb:24:in `call'
sprockets-rails (3.2.1) lib/sprockets/rails/quiet_assets.rb:13:in `call'
actionpack (5.1.5) lib/action_dispatch/middleware/remote_ip.rb:79:in `call'
actionpack (5.1.5) lib/action_dispatch/middleware/request_id.rb:25:in `call'
rack (2.0.4) lib/rack/method_override.rb:22:in `call'
rack (2.0.4) lib/rack/runtime.rb:22:in `call'
activesupport (5.1.5) lib/active_support/cache/strategy/local_cache_middleware.rb:27:in `call'
actionpack (5.1.5) lib/action_dispatch/middleware/executor.rb:12:in `call'
actionpack (5.1.5) lib/action_dispatch/middleware/static.rb:125:in `call'
rack (2.0.4) lib/rack/sendfile.rb:111:in `call'
railties (5.1.5) lib/rails/engine.rb:522:in `call'
rack (2.0.4) lib/rack/handler/webrick.rb:86:in `service'
/Users/Pablo/.rvm/rubies/ruby-2.5.0/lib/ruby/2.5.0/webrick/httpserver.rb:140:in `service'
/Users/Pablo/.rvm/rubies/ruby-2.5.0/lib/ruby/2.5.0/webrick/httpserver.rb:96:in `run'
/Users/Pablo/.rvm/rubies/ruby-2.5.0/lib/ruby/2.5.0/webrick/server.rb:307:in `block in start_thread'
Started GET "/movies" for ::1 at 2018-03-06 18:30:23 -0600
  
ActionController::RoutingError (No route matches [GET] "/movies"):
  
actionpack (5.1.5) lib/action_dispatch/middleware/debug_exceptions.rb:63:in `call'
web-console (3.5.1) lib/web_console/middleware.rb:135:in `call_app'
web-console (3.5.1) lib/web_console/middleware.rb:28:in `block in call'
web-console (3.5.1) lib/web_console/middleware.rb:18:in `catch'
web-console (3.5.1) lib/web_console/middleware.rb:18:in `call'
actionpack (5.1.5) lib/action_dispatch/middleware/show_exceptions.rb:31:in `call'
railties (5.1.5) lib/rails/rack/logger.rb:36:in `call_app'
railties (5.1.5) lib/rails/rack/logger.rb:24:in `block in call'
activesupport (5.1.5) lib/active_support/tagged_logging.rb:69:in `block in tagged'
activesupport (5.1.5) lib/active_support/tagged_logging.rb:26:in `tagged'
activesupport (5.1.5) lib/active_support/tagged_logging.rb:69:in `tagged'
railties (5.1.5) lib/rails/rack/logger.rb:24:in `call'
sprockets-rails (3.2.1) lib/sprockets/rails/quiet_assets.rb:13:in `call'
actionpack (5.1.5) lib/action_dispatch/middleware/remote_ip.rb:79:in `call'
actionpack (5.1.5) lib/action_dispatch/middleware/request_id.rb:25:in `call'
rack (2.0.4) lib/rack/method_override.rb:22:in `call'
rack (2.0.4) lib/rack/runtime.rb:22:in `call'
activesupport (5.1.5) lib/active_support/cache/strategy/local_cache_middleware.rb:27:in `call'
actionpack (5.1.5) lib/action_dispatch/middleware/executor.rb:12:in `call'
actionpack (5.1.5) lib/action_dispatch/middleware/static.rb:125:in `call'
rack (2.0.4) lib/rack/sendfile.rb:111:in `call'
railties (5.1.5) lib/rails/engine.rb:522:in `call'
rack (2.0.4) lib/rack/handler/webrick.rb:86:in `service'
/Users/Pablo/.rvm/rubies/ruby-2.5.0/lib/ruby/2.5.0/webrick/httpserver.rb:140:in `service'
/Users/Pablo/.rvm/rubies/ruby-2.5.0/lib/ruby/2.5.0/webrick/httpserver.rb:96:in `run'
/Users/Pablo/.rvm/rubies/ruby-2.5.0/lib/ruby/2.5.0/webrick/server.rb:307:in `block in start_thread'
Started GET "/movies" for ::1 at 2018-03-06 18:43:20 -0600
  
ActionController::RoutingError (No route matches [GET] "/movies"):
  
actionpack (5.1.5) lib/action_dispatch/middleware/debug_exceptions.rb:63:in `call'
web-console (3.5.1) lib/web_console/middleware.rb:135:in `call_app'
web-console (3.5.1) lib/web_console/middleware.rb:28:in `block in call'
web-console (3.5.1) lib/web_console/middleware.rb:18:in `catch'
web-console (3.5.1) lib/web_console/middleware.rb:18:in `call'
actionpack (5.1.5) lib/action_dispatch/middleware/show_exceptions.rb:31:in `call'
railties (5.1.5) lib/rails/rack/logger.rb:36:in `call_app'
railties (5.1.5) lib/rails/rack/logger.rb:24:in `block in call'
activesupport (5.1.5) lib/active_support/tagged_logging.rb:69:in `block in tagged'
activesupport (5.1.5) lib/active_support/tagged_logging.rb:26:in `tagged'
activesupport (5.1.5) lib/active_support/tagged_logging.rb:69:in `tagged'
railties (5.1.5) lib/rails/rack/logger.rb:24:in `call'
sprockets-rails (3.2.1) lib/sprockets/rails/quiet_assets.rb:13:in `call'
actionpack (5.1.5) lib/action_dispatch/middleware/remote_ip.rb:79:in `call'
actionpack (5.1.5) lib/action_dispatch/middleware/request_id.rb:25:in `call'
rack (2.0.4) lib/rack/method_override.rb:22:in `call'
rack (2.0.4) lib/rack/runtime.rb:22:in `call'
activesupport (5.1.5) lib/active_support/cache/strategy/local_cache_middleware.rb:27:in `call'
actionpack (5.1.5) lib/action_dispatch/middleware/executor.rb:12:in `call'
actionpack (5.1.5) lib/action_dispatch/middleware/static.rb:125:in `call'
rack (2.0.4) lib/rack/sendfile.rb:111:in `call'
railties (5.1.5) lib/rails/engine.rb:522:in `call'
rack (2.0.4) lib/rack/handler/webrick.rb:86:in `service'
/Users/Pablo/.rvm/rubies/ruby-2.5.0/lib/ruby/2.5.0/webrick/httpserver.rb:140:in `service'
/Users/Pablo/.rvm/rubies/ruby-2.5.0/lib/ruby/2.5.0/webrick/httpserver.rb:96:in `run'
/Users/Pablo/.rvm/rubies/ruby-2.5.0/lib/ruby/2.5.0/webrick/server.rb:307:in `block in start_thread'
Started GET "/" for ::1 at 2018-03-06 18:48:58 -0600
Processing by VerifierController#index as HTML
  Rendering verifier/index.html.haml within layouts/application
  Rendered verifier/index.html.haml within layouts/application (14.3ms)
Completed 200 OK in 613ms (Views: 295.1ms)


Started GET "/verify?utf8=%E2%9C%93&f=sdf&g=sdf&q=sdf&commit=Submit" for ::1 at 2018-03-06 18:50:00 -0600
Processing by VerifierController#show as HTML
  Parameters: {"utf8"=>"✓", "f"=>"sdf", "g"=>"sdf", "q"=>"sdf", "commit"=>"Submit"}
  Rendering verifier/show.html.haml within layouts/application
  Rendered verifier/show.html.haml within layouts/application (2.2ms)
Completed 200 OK in 710ms (Views: 27.2ms)


Started GET "/" for ::1 at 2018-03-06 19:00:34 -0600
Processing by VerifierController#index as HTML
  Rendering verifier/index.html.haml within layouts/application
  Rendered verifier/index.html.haml within layouts/application (14.1ms)
Completed 200 OK in 513ms (Views: 286.2ms)


Started GET "/" for ::1 at 2018-03-06 19:01:52 -0600
Processing by VerifierController#index as HTML
  Rendering verifier/index.html.haml within layouts/application
  Rendered verifier/index.html.haml within layouts/application (3.2ms)
Completed 200 OK in 34ms (Views: 29.5ms)


Started GET "/" for ::1 at 2018-03-06 19:02:25 -0600
Processing by VerifierController#index as HTML
  Rendering verifier/index.html.haml within layouts/application
  Rendered verifier/index.html.haml within layouts/application (3.0ms)
Completed 200 OK in 29ms (Views: 25.0ms)


Started GET "/" for ::1 at 2018-03-06 19:03:05 -0600
Processing by VerifierController#index as HTML
  Rendering verifier/index.html.haml within layouts/application
  Rendered verifier/index.html.haml within layouts/application (11.1ms)
Completed 200 OK in 454ms (Views: 251.6ms)


Started GET "/" for ::1 at 2018-03-06 19:03:29 -0600
Processing by VerifierController#index as HTML
  Rendering verifier/index.html.haml within layouts/application
  Rendered verifier/index.html.haml within layouts/application (3.3ms)
Completed 200 OK in 35ms (Views: 29.1ms)


Started GET "/" for ::1 at 2018-03-06 19:05:08 -0600
Processing by VerifierController#index as HTML
  Rendering verifier/index.html.haml within layouts/application
  Rendered verifier/index.html.haml within layouts/application (5.0ms)
Completed 200 OK in 46ms (Views: 40.8ms)


Started GET "/" for ::1 at 2018-03-06 19:05:17 -0600
Processing by VerifierController#index as HTML
  Rendering verifier/index.html.haml within layouts/application
  Rendered verifier/index.html.haml within layouts/application (2.9ms)
Completed 200 OK in 28ms (Views: 24.2ms)


Started GET "/" for ::1 at 2018-03-06 19:09:03 -0600
Processing by VerifierController#index as HTML
  Rendering verifier/index.html.haml within layouts/application
  Rendered verifier/index.html.haml within layouts/application (3.6ms)
Completed 200 OK in 49ms (Views: 45.2ms)


Started GET "/" for ::1 at 2018-03-06 19:12:38 -0600
Processing by VerifierController#index as HTML
  Rendering verifier/index.html.haml within layouts/application
  Rendered verifier/index.html.haml within layouts/application (3.8ms)
Completed 200 OK in 29ms (Views: 25.5ms)


Started GET "/" for ::1 at 2018-03-06 19:19:03 -0600
Processing by VerifierController#index as HTML
  Rendering verifier/index.html.haml within layouts/application
  Rendered verifier/index.html.haml within layouts/application (3.7ms)
Completed 200 OK in 32ms (Views: 28.2ms)


Started GET "/" for ::1 at 2018-03-06 19:21:46 -0600
Processing by VerifierController#index as HTML
  Rendering verifier/index.html.haml within layouts/application
  Rendered verifier/index.html.haml within layouts/application (11.0ms)
Completed 200 OK in 474ms (Views: 246.1ms)


Started GET "/" for ::1 at 2018-03-06 19:23:28 -0600
Processing by VerifierController#index as HTML
  Rendering verifier/index.html.haml within layouts/application
  Rendered verifier/index.html.haml within layouts/application (2.8ms)
Completed 200 OK in 32ms (Views: 25.6ms)


Started GET "/verify?utf8=%E2%9C%93&f=&g=&q=&commit=Submit" for ::1 at 2018-03-06 19:23:38 -0600
Processing by VerifierController#show as HTML
  Parameters: {"utf8"=>"✓", "f"=>"", "g"=>"", "q"=>"", "commit"=>"Submit"}
  Rendering verifier/show.html.haml within layouts/application
  Rendered verifier/show.html.haml within layouts/application (1.9ms)
Completed 200 OK in 157ms (Views: 30.8ms)


Started GET "/" for ::1 at 2018-03-06 19:25:04 -0600
Processing by VerifierController#index as HTML
  Rendering verifier/index.html.haml within layouts/application
  Rendered verifier/index.html.haml within layouts/application (10.6ms)
Completed 200 OK in 458ms (Views: 240.3ms)


Started GET "/" for ::1 at 2018-03-06 21:29:37 -0600
Processing by VerifierController#index as HTML
  Rendering verifier/index.html.haml within layouts/application
  Rendered verifier/index.html.haml within layouts/application (14.3ms)
Completed 200 OK in 514ms (Views: 268.8ms)


Started GET "/" for ::1 at 2018-03-06 21:30:35 -0600
Processing by VerifierController#index as HTML
  Rendering verifier/index.html.haml within layouts/application
  Rendered verifier/index.html.haml within layouts/application (3.9ms)
Completed 200 OK in 29ms (Views: 25.5ms)


Started GET "/" for ::1 at 2018-03-06 21:30:46 -0600
Processing by VerifierController#index as HTML
  Rendering verifier/index.html.haml within layouts/application
  Rendered verifier/index.html.haml within layouts/application (5.1ms)
Completed 200 OK in 37ms (Views: 33.9ms)


Started GET "/" for ::1 at 2018-03-06 21:32:41 -0600
Processing by VerifierController#index as HTML
  Rendering verifier/index.html.haml within layouts/application
  Rendered verifier/index.html.haml within layouts/application (3.2ms)
Completed 200 OK in 47ms (Views: 43.5ms)


Started GET "/" for ::1 at 2018-03-06 21:33:36 -0600
Processing by VerifierController#index as HTML
  Rendering verifier/index.html.haml within layouts/application
  Rendered verifier/index.html.haml within layouts/application (3.0ms)
Completed 200 OK in 44ms (Views: 41.7ms)


Started GET "/" for ::1 at 2018-03-06 21:34:29 -0600
Processing by VerifierController#index as HTML
  Rendering verifier/index.html.haml within layouts/application
  Rendered verifier/index.html.haml within layouts/application (3.9ms)
Completed 200 OK in 44ms (Views: 40.3ms)


Started GET "/" for ::1 at 2018-03-06 21:34:42 -0600
Processing by VerifierController#index as HTML
  Rendering verifier/index.html.haml within layouts/application
  Rendered verifier/index.html.haml within layouts/application (3.4ms)
Completed 200 OK in 50ms (Views: 46.4ms)


Started GET "/" for ::1 at 2018-03-06 21:35:37 -0600
Processing by VerifierController#index as HTML
  Rendering verifier/index.html.haml within layouts/application
  Rendered verifier/index.html.haml within layouts/application (4.8ms)
Completed 200 OK in 61ms (Views: 57.0ms)


Started GET "/" for ::1 at 2018-03-06 21:36:01 -0600
Processing by VerifierController#index as HTML
  Rendering verifier/index.html.haml within layouts/application
  Rendered verifier/index.html.haml within layouts/application (5.2ms)
Completed 200 OK in 69ms (Views: 65.7ms)


Started GET "/" for ::1 at 2018-03-06 21:36:50 -0600
Processing by VerifierController#index as HTML
  Rendering verifier/index.html.haml within layouts/application
  Rendered verifier/index.html.haml within layouts/application (14.1ms)
Completed 200 OK in 58ms (Views: 54.2ms)


Started GET "/" for ::1 at 2018-03-06 21:48:47 -0600
Processing by VerifierController#index as HTML
  Rendering verifier/index.html.haml within layouts/application
  Rendered verifier/index.html.haml within layouts/application (15.4ms)
Completed 200 OK in 616ms (Views: 300.0ms)


Started GET "/" for ::1 at 2018-03-06 21:58:09 -0600
Processing by VerifierController#index as HTML
  Rendering verifier/index.html.haml within layouts/application
  Rendered verifier/index.html.haml within layouts/application (12.0ms)
Completed 200 OK in 599ms (Views: 277.5ms)


Started GET "/" for ::1 at 2018-03-06 22:07:21 -0600
Processing by VerifierController#index as HTML
  Rendering verifier/index.html.haml within layouts/application
  Rendered verifier/index.html.haml within layouts/application (15.1ms)
Completed 200 OK in 668ms (Views: 274.0ms)


Started GET "/" for ::1 at 2018-03-15 15:17:21 -0500
Processing by VerifierController#index as HTML
Completed 500 Internal Server Error in 299ms


  
Gem::LoadError (Specified 'postgresql' for database adapter, but the gem is not loaded. Add `gem 'pg'` to your Gemfile (and ensure its version is at the minimum required by ActiveRecord).):
  
activerecord (5.1.5) lib/active_record/connection_adapters/connection_specification.rb:188:in `rescue in spec'
activerecord (5.1.5) lib/active_record/connection_adapters/connection_specification.rb:185:in `spec'
activerecord (5.1.5) lib/active_record/connection_adapters/abstract/connection_pool.rb:880:in `establish_connection'
activerecord (5.1.5) lib/active_record/connection_handling.rb:58:in `establish_connection'
activerecord (5.1.5) lib/active_record/railtie.rb:124:in `block (2 levels) in <class:Railtie>'
activesupport (5.1.5) lib/active_support/lazy_load_hooks.rb:69:in `instance_eval'
activesupport (5.1.5) lib/active_support/lazy_load_hooks.rb:69:in `block in execute_hook'
activesupport (5.1.5) lib/active_support/lazy_load_hooks.rb:60:in `with_execution_control'
activesupport (5.1.5) lib/active_support/lazy_load_hooks.rb:65:in `execute_hook'
activesupport (5.1.5) lib/active_support/lazy_load_hooks.rb:50:in `block in run_load_hooks'
activesupport (5.1.5) lib/active_support/lazy_load_hooks.rb:49:in `each'
activesupport (5.1.5) lib/active_support/lazy_load_hooks.rb:49:in `run_load_hooks'
activerecord (5.1.5) lib/active_record/base.rb:326:in `<module:ActiveRecord>'
activerecord (5.1.5) lib/active_record/base.rb:25:in `<top (required)>'
activesupport (5.1.5) lib/active_support/dependencies.rb:292:in `require'
activesupport (5.1.5) lib/active_support/dependencies.rb:292:in `block in require'
activesupport (5.1.5) lib/active_support/dependencies.rb:258:in `load_dependency'
activesupport (5.1.5) lib/active_support/dependencies.rb:292:in `require'
activerecord (5.1.5) lib/active_record/railties/controller_runtime.rb:26:in `cleanup_view_runtime'
actionpack (5.1.5) lib/action_controller/metal/instrumentation.rb:43:in `render'
actionpack (5.1.5) lib/action_controller/metal/implicit_render.rb:33:in `default_render'
actionpack (5.1.5) lib/action_controller/metal/basic_implicit_render.rb:4:in `block in send_action'
actionpack (5.1.5) lib/action_controller/metal/basic_implicit_render.rb:4:in `tap'
actionpack (5.1.5) lib/action_controller/metal/basic_implicit_render.rb:4:in `send_action'
actionpack (5.1.5) lib/abstract_controller/base.rb:186:in `process_action'
actionpack (5.1.5) lib/action_controller/metal/rendering.rb:30:in `process_action'
actionpack (5.1.5) lib/abstract_controller/callbacks.rb:20:in `block in process_action'
activesupport (5.1.5) lib/active_support/callbacks.rb:131:in `run_callbacks'
actionpack (5.1.5) lib/abstract_controller/callbacks.rb:19:in `process_action'
actionpack (5.1.5) lib/action_controller/metal/rescue.rb:20:in `process_action'
actionpack (5.1.5) lib/action_controller/metal/instrumentation.rb:32:in `block in process_action'
activesupport (5.1.5) lib/active_support/notifications.rb:166:in `block in instrument'
activesupport (5.1.5) lib/active_support/notifications/instrumenter.rb:21:in `instrument'
activesupport (5.1.5) lib/active_support/notifications.rb:166:in `instrument'
actionpack (5.1.5) lib/action_controller/metal/instrumentation.rb:30:in `process_action'
actionpack (5.1.5) lib/action_controller/metal/params_wrapper.rb:252:in `process_action'
activerecord (5.1.5) lib/active_record/railties/controller_runtime.rb:22:in `process_action'
actionpack (5.1.5) lib/abstract_controller/base.rb:124:in `process'
actionview (5.1.5) lib/action_view/rendering.rb:30:in `process'
actionpack (5.1.5) lib/action_controller/metal.rb:189:in `dispatch'
actionpack (5.1.5) lib/action_controller/metal.rb:253:in `dispatch'
actionpack (5.1.5) lib/action_dispatch/routing/route_set.rb:49:in `dispatch'
actionpack (5.1.5) lib/action_dispatch/routing/route_set.rb:31:in `serve'
actionpack (5.1.5) lib/action_dispatch/journey/router.rb:50:in `block in serve'
actionpack (5.1.5) lib/action_dispatch/journey/router.rb:33:in `each'
actionpack (5.1.5) lib/action_dispatch/journey/router.rb:33:in `serve'
actionpack (5.1.5) lib/action_dispatch/routing/route_set.rb:844:in `call'
rack (2.0.4) lib/rack/etag.rb:25:in `call'
rack (2.0.4) lib/rack/conditional_get.rb:25:in `call'
rack (2.0.4) lib/rack/head.rb:12:in `call'
rack (2.0.4) lib/rack/session/abstract/id.rb:232:in `context'
rack (2.0.4) lib/rack/session/abstract/id.rb:226:in `call'
actionpack (5.1.5) lib/action_dispatch/middleware/cookies.rb:613:in `call'
activerecord (5.1.5) lib/active_record/migration.rb:556:in `call'
actionpack (5.1.5) lib/action_dispatch/middleware/callbacks.rb:26:in `block in call'
activesupport (5.1.5) lib/active_support/callbacks.rb:97:in `run_callbacks'
actionpack (5.1.5) lib/action_dispatch/middleware/callbacks.rb:24:in `call'
actionpack (5.1.5) lib/action_dispatch/middleware/executor.rb:12:in `call'
actionpack (5.1.5) lib/action_dispatch/middleware/debug_exceptions.rb:59:in `call'
web-console (3.5.1) lib/web_console/middleware.rb:135:in `call_app'
web-console (3.5.1) lib/web_console/middleware.rb:28:in `block in call'
web-console (3.5.1) lib/web_console/middleware.rb:18:in `catch'
web-console (3.5.1) lib/web_console/middleware.rb:18:in `call'
actionpack (5.1.5) lib/action_dispatch/middleware/show_exceptions.rb:31:in `call'
railties (5.1.5) lib/rails/rack/logger.rb:36:in `call_app'
railties (5.1.5) lib/rails/rack/logger.rb:24:in `block in call'
activesupport (5.1.5) lib/active_support/tagged_logging.rb:69:in `block in tagged'
activesupport (5.1.5) lib/active_support/tagged_logging.rb:26:in `tagged'
activesupport (5.1.5) lib/active_support/tagged_logging.rb:69:in `tagged'
railties (5.1.5) lib/rails/rack/logger.rb:24:in `call'
sprockets-rails (3.2.1) lib/sprockets/rails/quiet_assets.rb:13:in `call'
actionpack (5.1.5) lib/action_dispatch/middleware/remote_ip.rb:79:in `call'
actionpack (5.1.5) lib/action_dispatch/middleware/request_id.rb:25:in `call'
rack (2.0.4) lib/rack/method_override.rb:22:in `call'
rack (2.0.4) lib/rack/runtime.rb:22:in `call'
activesupport (5.1.5) lib/active_support/cache/strategy/local_cache_middleware.rb:27:in `call'
actionpack (5.1.5) lib/action_dispatch/middleware/executor.rb:12:in `call'
actionpack (5.1.5) lib/action_dispatch/middleware/static.rb:125:in `call'
rack (2.0.4) lib/rack/sendfile.rb:111:in `call'
railties (5.1.5) lib/rails/engine.rb:522:in `call'
rack (2.0.4) lib/rack/handler/webrick.rb:86:in `service'
/Users/Pablo/.rvm/rubies/ruby-2.5.0/lib/ruby/2.5.0/webrick/httpserver.rb:140:in `service'
/Users/Pablo/.rvm/rubies/ruby-2.5.0/lib/ruby/2.5.0/webrick/httpserver.rb:96:in `run'
/Users/Pablo/.rvm/rubies/ruby-2.5.0/lib/ruby/2.5.0/webrick/server.rb:307:in `block in start_thread'
Started GET "/" for ::1 at 2018-03-15 15:18:53 -0500
Processing by VerifierController#index as HTML
Completed 500 Internal Server Error in 220ms


  
Gem::LoadError (Specified 'postgresql' for database adapter, but the gem is not loaded. Add `gem 'pg'` to your Gemfile (and ensure its version is at the minimum required by ActiveRecord).):
  
activerecord (5.1.5) lib/active_record/connection_adapters/connection_specification.rb:188:in `rescue in spec'
activerecord (5.1.5) lib/active_record/connection_adapters/connection_specification.rb:185:in `spec'
activerecord (5.1.5) lib/active_record/connection_adapters/abstract/connection_pool.rb:880:in `establish_connection'
activerecord (5.1.5) lib/active_record/connection_handling.rb:58:in `establish_connection'
activerecord (5.1.5) lib/active_record/railtie.rb:124:in `block (2 levels) in <class:Railtie>'
activesupport (5.1.5) lib/active_support/lazy_load_hooks.rb:69:in `instance_eval'
activesupport (5.1.5) lib/active_support/lazy_load_hooks.rb:69:in `block in execute_hook'
activesupport (5.1.5) lib/active_support/lazy_load_hooks.rb:60:in `with_execution_control'
activesupport (5.1.5) lib/active_support/lazy_load_hooks.rb:65:in `execute_hook'
activesupport (5.1.5) lib/active_support/lazy_load_hooks.rb:50:in `block in run_load_hooks'
activesupport (5.1.5) lib/active_support/lazy_load_hooks.rb:49:in `each'
activesupport (5.1.5) lib/active_support/lazy_load_hooks.rb:49:in `run_load_hooks'
activerecord (5.1.5) lib/active_record/base.rb:326:in `<module:ActiveRecord>'
activerecord (5.1.5) lib/active_record/base.rb:25:in `<top (required)>'
activesupport (5.1.5) lib/active_support/dependencies.rb:292:in `require'
activesupport (5.1.5) lib/active_support/dependencies.rb:292:in `block in require'
activesupport (5.1.5) lib/active_support/dependencies.rb:258:in `load_dependency'
activesupport (5.1.5) lib/active_support/dependencies.rb:292:in `require'
activerecord (5.1.5) lib/active_record/railties/controller_runtime.rb:26:in `cleanup_view_runtime'
actionpack (5.1.5) lib/action_controller/metal/instrumentation.rb:43:in `render'
actionpack (5.1.5) lib/action_controller/metal/implicit_render.rb:33:in `default_render'
actionpack (5.1.5) lib/action_controller/metal/basic_implicit_render.rb:4:in `block in send_action'
actionpack (5.1.5) lib/action_controller/metal/basic_implicit_render.rb:4:in `tap'
actionpack (5.1.5) lib/action_controller/metal/basic_implicit_render.rb:4:in `send_action'
actionpack (5.1.5) lib/abstract_controller/base.rb:186:in `process_action'
actionpack (5.1.5) lib/action_controller/metal/rendering.rb:30:in `process_action'
actionpack (5.1.5) lib/abstract_controller/callbacks.rb:20:in `block in process_action'
activesupport (5.1.5) lib/active_support/callbacks.rb:131:in `run_callbacks'
actionpack (5.1.5) lib/abstract_controller/callbacks.rb:19:in `process_action'
actionpack (5.1.5) lib/action_controller/metal/rescue.rb:20:in `process_action'
actionpack (5.1.5) lib/action_controller/metal/instrumentation.rb:32:in `block in process_action'
activesupport (5.1.5) lib/active_support/notifications.rb:166:in `block in instrument'
activesupport (5.1.5) lib/active_support/notifications/instrumenter.rb:21:in `instrument'
activesupport (5.1.5) lib/active_support/notifications.rb:166:in `instrument'
actionpack (5.1.5) lib/action_controller/metal/instrumentation.rb:30:in `process_action'
actionpack (5.1.5) lib/action_controller/metal/params_wrapper.rb:252:in `process_action'
activerecord (5.1.5) lib/active_record/railties/controller_runtime.rb:22:in `process_action'
actionpack (5.1.5) lib/abstract_controller/base.rb:124:in `process'
actionview (5.1.5) lib/action_view/rendering.rb:30:in `process'
actionpack (5.1.5) lib/action_controller/metal.rb:189:in `dispatch'
actionpack (5.1.5) lib/action_controller/metal.rb:253:in `dispatch'
actionpack (5.1.5) lib/action_dispatch/routing/route_set.rb:49:in `dispatch'
actionpack (5.1.5) lib/action_dispatch/routing/route_set.rb:31:in `serve'
actionpack (5.1.5) lib/action_dispatch/journey/router.rb:50:in `block in serve'
actionpack (5.1.5) lib/action_dispatch/journey/router.rb:33:in `each'
actionpack (5.1.5) lib/action_dispatch/journey/router.rb:33:in `serve'
actionpack (5.1.5) lib/action_dispatch/routing/route_set.rb:844:in `call'
rack (2.0.4) lib/rack/etag.rb:25:in `call'
rack (2.0.4) lib/rack/conditional_get.rb:25:in `call'
rack (2.0.4) lib/rack/head.rb:12:in `call'
rack (2.0.4) lib/rack/session/abstract/id.rb:232:in `context'
rack (2.0.4) lib/rack/session/abstract/id.rb:226:in `call'
actionpack (5.1.5) lib/action_dispatch/middleware/cookies.rb:613:in `call'
activerecord (5.1.5) lib/active_record/migration.rb:556:in `call'
actionpack (5.1.5) lib/action_dispatch/middleware/callbacks.rb:26:in `block in call'
activesupport (5.1.5) lib/active_support/callbacks.rb:97:in `run_callbacks'
actionpack (5.1.5) lib/action_dispatch/middleware/callbacks.rb:24:in `call'
actionpack (5.1.5) lib/action_dispatch/middleware/executor.rb:12:in `call'
actionpack (5.1.5) lib/action_dispatch/middleware/debug_exceptions.rb:59:in `call'
web-console (3.5.1) lib/web_console/middleware.rb:135:in `call_app'
web-console (3.5.1) lib/web_console/middleware.rb:28:in `block in call'
web-console (3.5.1) lib/web_console/middleware.rb:18:in `catch'
web-console (3.5.1) lib/web_console/middleware.rb:18:in `call'
actionpack (5.1.5) lib/action_dispatch/middleware/show_exceptions.rb:31:in `call'
railties (5.1.5) lib/rails/rack/logger.rb:36:in `call_app'
railties (5.1.5) lib/rails/rack/logger.rb:24:in `block in call'
activesupport (5.1.5) lib/active_support/tagged_logging.rb:69:in `block in tagged'
activesupport (5.1.5) lib/active_support/tagged_logging.rb:26:in `tagged'
activesupport (5.1.5) lib/active_support/tagged_logging.rb:69:in `tagged'
railties (5.1.5) lib/rails/rack/logger.rb:24:in `call'
sprockets-rails (3.2.1) lib/sprockets/rails/quiet_assets.rb:13:in `call'
actionpack (5.1.5) lib/action_dispatch/middleware/remote_ip.rb:79:in `call'
actionpack (5.1.5) lib/action_dispatch/middleware/request_id.rb:25:in `call'
rack (2.0.4) lib/rack/method_override.rb:22:in `call'
rack (2.0.4) lib/rack/runtime.rb:22:in `call'
activesupport (5.1.5) lib/active_support/cache/strategy/local_cache_middleware.rb:27:in `call'
actionpack (5.1.5) lib/action_dispatch/middleware/executor.rb:12:in `call'
actionpack (5.1.5) lib/action_dispatch/middleware/static.rb:125:in `call'
rack (2.0.4) lib/rack/sendfile.rb:111:in `call'
railties (5.1.5) lib/rails/engine.rb:522:in `call'
rack (2.0.4) lib/rack/handler/webrick.rb:86:in `service'
/Users/Pablo/.rvm/rubies/ruby-2.5.0/lib/ruby/2.5.0/webrick/httpserver.rb:140:in `service'
/Users/Pablo/.rvm/rubies/ruby-2.5.0/lib/ruby/2.5.0/webrick/httpserver.rb:96:in `run'
/Users/Pablo/.rvm/rubies/ruby-2.5.0/lib/ruby/2.5.0/webrick/server.rb:307:in `block in start_thread'
Started GET "/" for ::1 at 2018-03-15 15:21:46 -0500
Processing by VerifierController#index as HTML
  Rendering verifier/index.html.haml within layouts/application
  Rendered verifier/index.html.haml within layouts/application (17.7ms)
Completed 200 OK in 490ms (Views: 262.3ms)


  [1m[35m (8.2ms)[0m  [1m[35mCREATE TABLE "schema_migrations" ("version" character varying NOT NULL PRIMARY KEY)[0m
  [1m[35m (7.4ms)[0m  [1m[35mCREATE TABLE "ar_internal_metadata" ("key" character varying NOT NULL PRIMARY KEY, "value" character varying, "created_at" timestamp NOT NULL, "updated_at" timestamp NOT NULL)[0m
  [1m[35m (0.5ms)[0m  [1m[34mSELECT pg_try_advisory_lock(4100290857088514130)[0m
  [1m[35m (0.9ms)[0m  [1m[34mSELECT "schema_migrations"."version" FROM "schema_migrations" ORDER BY "schema_migrations"."version" ASC[0m
  [1m[36mActiveRecord::InternalMetadata Load (0.6ms)[0m  [1m[34mSELECT  "ar_internal_metadata".* FROM "ar_internal_metadata" WHERE "ar_internal_metadata"."key" = $1 LIMIT $2[0m  [["key", "environment"], ["LIMIT", 1]]
  [1m[35m (0.4ms)[0m  [1m[35mBEGIN[0m
  [1m[35mSQL (1.1ms)[0m  [1m[32mINSERT INTO "ar_internal_metadata" ("key", "value", "created_at", "updated_at") VALUES ($1, $2, $3, $4) RETURNING "key"[0m  [["key", "environment"], ["value", "development"], ["created_at", "2018-03-16 21:32:26.722746"], ["updated_at", "2018-03-16 21:32:26.722746"]]
  [1m[35m (0.5ms)[0m  [1m[35mCOMMIT[0m
  [1m[35m (0.4ms)[0m  [1m[34mSELECT pg_advisory_unlock(4100290857088514130)[0m
  [1m[35m (0.4ms)[0m  [1m[34mSELECT "schema_migrations"."version" FROM "schema_migrations" ORDER BY "schema_migrations"."version" ASC[0m
Started GET "/" for ::1 at 2018-03-27 11:16:53 -0500
Processing by VerifierController#index as HTML
  Rendering verifier/index.html.haml within layouts/application
  Rendered verifier/index.html.haml within layouts/application (6.0ms)
Completed 200 OK in 509ms (Views: 311.7ms)


Started GET "/" for ::1 at 2018-03-27 11:16:57 -0500
Processing by VerifierController#index as HTML
  Rendering verifier/index.html.haml within layouts/application
  Rendered verifier/index.html.haml within layouts/application (2.0ms)
Completed 200 OK in 49ms (Views: 43.8ms)


